<?xml version="1.0" encoding="UTF-8"?>
<testng-results ignored="0" total="2" passed="2" failed="0" skipped="0">
  <reporter-output>
  </reporter-output>
  <suite started-at="2024-07-29T22:22:02 BST" name="Default suite" finished-at="2024-07-29T22:22:35 BST" duration-ms="33320">
    <groups>
    </groups>
    <test started-at="2024-07-29T22:22:02 BST" name="Default test" finished-at="2024-07-29T22:22:35 BST" duration-ms="33320">
      <class name="Amazon.tests.StandAloneTest">
        <test-method is-config="true" signature="launchAppliction()[pri:0, instance:Amazon.tests.StandAloneTest@7b64240d]" started-at="2024-07-29T22:22:02 BST" name="launchAppliction" finished-at="2024-07-29T22:22:06 BST" duration-ms="4031" status="PASS">
          <reporter-output>
          </reporter-output>
        </test-method> <!-- launchAppliction -->
        <test-method signature="addItemToCart(java.util.HashMap)[pri:0, instance:Amazon.tests.StandAloneTest@7b64240d]" started-at="2024-07-29T22:22:06 BST" name="addItemToCart" data-provider="getData" finished-at="2024-07-29T22:22:18 BST" duration-ms="11531" status="PASS">
          <params>
            <param index="0">
              <value>
                <![CDATA[{bookName=Test Automation using Selenium WebDriver with Java, password=Test@123, username=Kiruthikavelusamy.in@gmail.com}]]>
              </value>
            </param>
          </params>
          <reporter-output>
          </reporter-output>
        </test-method> <!-- addItemToCart -->
        <test-method is-config="true" signature="tearDown()[pri:0, instance:Amazon.tests.StandAloneTest@7b64240d]" started-at="2024-07-29T22:22:18 BST" name="tearDown" finished-at="2024-07-29T22:22:18 BST" duration-ms="222" status="PASS">
          <reporter-output>
          </reporter-output>
        </test-method> <!-- tearDown -->
        <test-method is-config="true" signature="launchAppliction()[pri:0, instance:Amazon.tests.StandAloneTest@7b64240d]" started-at="2024-07-29T22:22:18 BST" name="launchAppliction" finished-at="2024-07-29T22:22:21 BST" duration-ms="3223" status="PASS">
          <reporter-output>
          </reporter-output>
        </test-method> <!-- launchAppliction -->
        <test-method signature="placeOrder()[pri:0, instance:Amazon.tests.StandAloneTest@7b64240d]" started-at="2024-07-29T22:22:21 BST" name="placeOrder" finished-at="2024-07-29T22:22:35 BST" depends-on-methods="Amazon.tests.StandAloneTest.addItemToCart" duration-ms="14014" status="PASS">
          <reporter-output>
          </reporter-output>
        </test-method> <!-- placeOrder -->
        <test-method is-config="true" signature="tearDown()[pri:0, instance:Amazon.tests.StandAloneTest@7b64240d]" started-at="2024-07-29T22:22:35 BST" name="tearDown" finished-at="2024-07-29T22:22:35 BST" duration-ms="249" status="PASS">
          <reporter-output>
          </reporter-output>
        </test-method> <!-- tearDown -->
      </class> <!-- Amazon.tests.StandAloneTest -->
    </test> <!-- Default test -->
  </suite> <!-- Default suite -->
</testng-results>
